2025-07-15 00:10:30,731 - INFO - Starting Flask application...
2025-07-15 00:10:30,746 - WARNING -  * Debugger is active!
2025-07-15 00:10:30,752 - INFO -  * Debugger PIN: 359-476-710
2025-07-15 00:10:50,306 - INFO - Starting Flask application...
2025-07-15 00:10:50,336 - INFO - [31m[1mWARNING: This is a development server. Do not use it in a production deployment. Use a production WSGI server instead.[0m
 * Running on all addresses (0.0.0.0)
 * Running on http://127.0.0.1:5000
 * Running on http://192.168.1.9:5000
2025-07-15 00:10:50,336 - INFO - [33mPress CTRL+C to quit[0m
2025-07-15 00:10:50,338 - INFO -  * Restarting with stat
2025-07-15 00:10:53,214 - INFO - Starting Flask application...
2025-07-15 00:10:53,233 - WARNING -  * Debugger is active!
2025-07-15 00:10:53,241 - INFO -  * Debugger PIN: 359-476-710
2025-07-15 00:11:00,469 - INFO - Loaded vendors.csv: (50, 18)
2025-07-15 00:11:00,474 - INFO - Loaded customers.csv: (500, 15)
2025-07-15 00:11:00,480 - INFO - Loaded products.csv: (274, 15)
2025-07-15 00:11:00,516 - INFO - Loaded licenses.csv: (3920, 44)
2025-07-15 00:11:00,642 - INFO - Loaded usage_history.csv: (76441, 16)
2025-07-15 00:11:00,658 - INFO - Loaded renewal_history.csv: (5873, 16)
2025-07-15 00:11:00,670 - INFO - Loaded customer_summary.csv: (500, 9)
2025-07-15 00:11:00,673 - INFO - Loaded product_performance.csv: (274, 8)
2025-07-15 00:11:00,686 - INFO - Loaded vendor_performance.csv: (50, 7)
2025-07-15 00:11:13,393 - INFO - Loaded vendors.csv: (50, 18)
2025-07-15 00:11:13,473 - INFO - Loaded customers.csv: (500, 15)
2025-07-15 00:11:13,528 - INFO - Loaded products.csv: (274, 15)
2025-07-15 00:11:13,796 - INFO - Loaded licenses.csv: (3920, 44)
2025-07-15 00:11:14,366 - INFO - Loaded usage_history.csv: (76441, 16)
2025-07-15 00:11:14,481 - INFO - Loaded renewal_history.csv: (5873, 16)
2025-07-15 00:11:14,501 - INFO - Loaded customer_summary.csv: (500, 9)
2025-07-15 00:11:14,518 - INFO - Loaded product_performance.csv: (274, 8)
2025-07-15 00:11:14,534 - INFO - Loaded vendor_performance.csv: (50, 7)
2025-07-15 00:11:42,038 - INFO - 127.0.0.1 - - [15/Jul/2025 00:11:42] "[35m[1mGET / HTTP/1.1[0m" 500 -
2025-07-15 00:11:42,160 - INFO - 127.0.0.1 - - [15/Jul/2025 00:11:42] "[36mGET /?__debugger__=yes&cmd=resource&f=debugger.js HTTP/1.1[0m" 304 -
2025-07-15 00:11:42,160 - INFO - 127.0.0.1 - - [15/Jul/2025 00:11:42] "[36mGET /?__debugger__=yes&cmd=resource&f=style.css HTTP/1.1[0m" 304 -
2025-07-15 00:11:42,251 - INFO - 127.0.0.1 - - [15/Jul/2025 00:11:42] "GET /?__debugger__=yes&cmd=resource&f=console.png&s=mXDgTgcwSjBW4SEJrQuc HTTP/1.1" 200 -
2025-07-15 00:11:42,283 - INFO - 127.0.0.1 - - [15/Jul/2025 00:11:42] "[36mGET /?__debugger__=yes&cmd=resource&f=console.png HTTP/1.1[0m" 304 -
2025-07-15 00:11:43,870 - INFO - 192.168.1.9 - - [15/Jul/2025 00:11:43] "[35m[1mGET / HTTP/1.1[0m" 500 -
2025-07-15 00:11:43,887 - INFO - 192.168.1.9 - - [15/Jul/2025 00:11:43] "GET /?__debugger__=yes&cmd=resource&f=debugger.js HTTP/1.1" 200 -
2025-07-15 00:11:43,888 - INFO - 192.168.1.9 - - [15/Jul/2025 00:11:43] "GET /?__debugger__=yes&cmd=resource&f=style.css HTTP/1.1" 200 -
2025-07-15 00:11:43,969 - INFO - 192.168.1.9 - - [15/Jul/2025 00:11:43] "GET /?__debugger__=yes&cmd=resource&f=console.png HTTP/1.1" 200 -
2025-07-15 00:14:16,764 - INFO -  * Detected change in 'e:\\Thales\\Software-Monitization\\app.py', reloading
2025-07-15 00:14:17,240 - INFO -  * Restarting with stat
2025-07-15 00:14:20,835 - INFO - Starting Flask application...
2025-07-15 00:14:20,853 - WARNING -  * Debugger is active!
2025-07-15 00:14:20,860 - INFO -  * Debugger PIN: 359-476-710
2025-07-15 00:14:36,754 - INFO -  * Detected change in 'e:\\Thales\\Software-Monitization\\app.py', reloading
2025-07-15 00:14:37,132 - INFO -  * Restarting with stat
2025-07-15 00:14:40,247 - INFO - Starting Flask application...
2025-07-15 00:14:40,261 - WARNING -  * Debugger is active!
2025-07-15 00:14:40,266 - INFO -  * Debugger PIN: 359-476-710
2025-07-15 00:15:00,124 - INFO - Loaded vendors.csv: (50, 18)
2025-07-15 00:15:00,133 - INFO - Loaded customers.csv: (500, 15)
2025-07-15 00:15:00,139 - INFO - Loaded products.csv: (274, 15)
2025-07-15 00:15:00,172 - INFO - Loaded licenses.csv: (3920, 44)
2025-07-15 00:15:00,297 - INFO - Loaded usage_history.csv: (76441, 16)
2025-07-15 00:15:00,318 - INFO - Loaded renewal_history.csv: (5873, 16)
2025-07-15 00:15:00,321 - INFO - Loaded customer_summary.csv: (500, 9)
2025-07-15 00:15:00,324 - INFO - Loaded product_performance.csv: (274, 8)
2025-07-15 00:15:00,328 - INFO - Loaded vendor_performance.csv: (50, 7)
2025-07-15 00:15:16,812 - INFO - Starting Flask application...
2025-07-15 00:15:16,841 - INFO - [31m[1mWARNING: This is a development server. Do not use it in a production deployment. Use a production WSGI server instead.[0m
 * Running on all addresses (0.0.0.0)
 * Running on http://127.0.0.1:5000
 * Running on http://192.168.1.9:5000
2025-07-15 00:15:16,841 - INFO - [33mPress CTRL+C to quit[0m
2025-07-15 00:15:16,845 - INFO -  * Restarting with stat
2025-07-15 00:15:19,807 - INFO - Starting Flask application...
2025-07-15 00:15:19,824 - WARNING -  * Debugger is active!
2025-07-15 00:15:19,829 - INFO -  * Debugger PIN: 359-476-710
2025-07-15 00:15:20,429 - INFO - Loaded vendors.csv: (50, 18)
2025-07-15 00:15:20,436 - INFO - Loaded customers.csv: (500, 15)
2025-07-15 00:15:20,439 - INFO - Loaded products.csv: (274, 15)
2025-07-15 00:15:20,470 - INFO - Loaded licenses.csv: (3920, 44)
2025-07-15 00:15:20,582 - INFO - Loaded usage_history.csv: (76441, 16)
2025-07-15 00:15:20,598 - INFO - Loaded renewal_history.csv: (5873, 16)
2025-07-15 00:15:20,601 - INFO - Loaded customer_summary.csv: (500, 9)
2025-07-15 00:15:20,603 - INFO - Loaded product_performance.csv: (274, 8)
2025-07-15 00:15:20,605 - INFO - Loaded vendor_performance.csv: (50, 7)
2025-07-15 00:15:21,429 - INFO - Loaded vendors.csv: (50, 18)
2025-07-15 00:15:21,441 - INFO - Loaded customers.csv: (500, 15)
2025-07-15 00:15:21,451 - INFO - Loaded products.csv: (274, 15)
2025-07-15 00:15:21,517 - INFO - Loaded licenses.csv: (3920, 44)
2025-07-15 00:15:21,729 - INFO - Loaded usage_history.csv: (76441, 16)
2025-07-15 00:15:21,758 - INFO - Loaded renewal_history.csv: (5873, 16)
2025-07-15 00:15:21,765 - INFO - Loaded customer_summary.csv: (500, 9)
2025-07-15 00:15:21,770 - INFO - Loaded product_performance.csv: (274, 8)
2025-07-15 00:15:21,773 - INFO - Loaded vendor_performance.csv: (50, 7)
2025-07-15 00:16:02,160 - INFO - 127.0.0.1 - - [15/Jul/2025 00:16:02] "GET / HTTP/1.1" 200 -
2025-07-15 00:16:02,162 - INFO - 127.0.0.1 - - [15/Jul/2025 00:16:02] "GET / HTTP/1.1" 200 -
2025-07-15 00:16:03,531 - INFO - Loaded vendors.csv: (50, 18)
2025-07-15 00:16:03,532 - INFO - Loaded vendors.csv: (50, 18)
2025-07-15 00:16:03,538 - INFO - Loaded customers.csv: (500, 15)
2025-07-15 00:16:03,540 - INFO - Loaded customers.csv: (500, 15)
2025-07-15 00:16:03,545 - INFO - Loaded products.csv: (274, 15)
2025-07-15 00:16:03,547 - INFO - Loaded products.csv: (274, 15)
2025-07-15 00:16:03,580 - INFO - Loaded licenses.csv: (3920, 44)
2025-07-15 00:16:03,582 - INFO - Loaded licenses.csv: (3920, 44)
2025-07-15 00:16:03,753 - INFO - Loaded usage_history.csv: (76441, 16)
2025-07-15 00:16:03,756 - INFO - Loaded usage_history.csv: (76441, 16)
2025-07-15 00:16:03,781 - INFO - Loaded renewal_history.csv: (5873, 16)
2025-07-15 00:16:03,781 - INFO - Loaded renewal_history.csv: (5873, 16)
2025-07-15 00:16:03,786 - INFO - Loaded customer_summary.csv: (500, 9)
2025-07-15 00:16:03,786 - INFO - Loaded customer_summary.csv: (500, 9)
2025-07-15 00:16:03,791 - INFO - Loaded product_performance.csv: (274, 8)
2025-07-15 00:16:03,791 - INFO - Loaded product_performance.csv: (274, 8)
2025-07-15 00:16:03,793 - INFO - Loaded vendor_performance.csv: (50, 7)
2025-07-15 00:16:03,796 - INFO - Loaded vendor_performance.csv: (50, 7)
2025-07-15 00:16:34,026 - INFO - 127.0.0.1 - - [15/Jul/2025 00:16:34] "GET /api/overview HTTP/1.1" 200 -
2025-07-15 00:16:34,675 - INFO - 127.0.0.1 - - [15/Jul/2025 00:16:34] "[35m[1mGET /api/summary HTTP/1.1[0m" 500 -
2025-07-15 00:40:00,671 - INFO - Starting Flask application...
2025-07-15 00:40:00,698 - INFO - [31m[1mWARNING: This is a development server. Do not use it in a production deployment. Use a production WSGI server instead.[0m
 * Running on all addresses (0.0.0.0)
 * Running on http://127.0.0.1:5000
 * Running on http://192.168.1.9:5000
2025-07-15 00:40:00,699 - INFO - [33mPress CTRL+C to quit[0m
2025-07-15 00:40:00,701 - INFO -  * Restarting with stat
2025-07-15 00:40:03,189 - INFO - Starting Flask application...
2025-07-15 00:40:03,202 - WARNING -  * Debugger is active!
2025-07-15 00:40:03,207 - INFO -  * Debugger PIN: 359-476-710
2025-07-15 00:40:05,340 - INFO - 127.0.0.1 - - [15/Jul/2025 00:40:05] "GET / HTTP/1.1" 200 -
2025-07-15 00:42:09,237 - INFO -  * Detected change in 'e:\\Thales\\Software-Monitization\\app.py', reloading
2025-07-15 00:42:09,530 - INFO -  * Restarting with stat
2025-07-15 00:42:12,227 - INFO - Starting Flask application...
2025-07-15 00:42:12,242 - WARNING -  * Debugger is active!
2025-07-15 00:42:12,247 - INFO -  * Debugger PIN: 359-476-710
2025-07-15 00:42:19,570 - INFO - 192.168.1.9 - - [15/Jul/2025 00:42:19] "GET / HTTP/1.1" 200 -
2025-07-15 00:42:20,617 - INFO - 192.168.1.9 - - [15/Jul/2025 00:42:20] "[33mGET /favicon.ico HTTP/1.1[0m" 404 -
2025-07-15 01:05:38,626 - INFO - Starting Flask application...
2025-07-15 01:05:38,654 - INFO - [31m[1mWARNING: This is a development server. Do not use it in a production deployment. Use a production WSGI server instead.[0m
 * Running on all addresses (0.0.0.0)
 * Running on http://127.0.0.1:5000
 * Running on http://192.168.1.9:5000
2025-07-15 01:05:38,654 - INFO - [33mPress CTRL+C to quit[0m
2025-07-15 01:05:38,657 - INFO -  * Restarting with stat
2025-07-15 01:05:41,303 - INFO - Starting Flask application...
2025-07-15 01:05:41,318 - WARNING -  * Debugger is active!
2025-07-15 01:05:41,324 - INFO -  * Debugger PIN: 359-476-710
2025-07-15 01:05:42,179 - INFO - 192.168.1.9 - - [15/Jul/2025 01:05:42] "GET / HTTP/1.1" 200 -
2025-07-15 01:05:44,536 - INFO - Loaded vendors.csv: (50, 18)
2025-07-15 01:05:44,542 - INFO - Loaded customers.csv: (500, 15)
2025-07-15 01:05:44,547 - INFO - Loaded products.csv: (274, 15)
2025-07-15 01:05:44,588 - INFO - Loaded licenses.csv: (3920, 44)
2025-07-15 01:05:44,712 - INFO - Loaded usage_history.csv: (76441, 16)
2025-07-15 01:05:44,732 - INFO - Loaded renewal_history.csv: (5873, 16)
2025-07-15 01:05:44,737 - INFO - Loaded customer_summary.csv: (500, 9)
2025-07-15 01:05:44,745 - INFO - Loaded product_performance.csv: (274, 8)
2025-07-15 01:05:44,747 - INFO - Loaded vendor_performance.csv: (50, 7)
2025-07-15 01:05:45,060 - INFO - Generated dataset overview
2025-07-15 01:05:45,074 - INFO - 192.168.1.9 - - [15/Jul/2025 01:05:45] "GET /api/overview HTTP/1.1" 200 -
2025-07-15 01:06:08,526 - INFO - 192.168.1.9 - - [15/Jul/2025 01:06:08] "GET / HTTP/1.1" 200 -
2025-07-15 01:06:10,580 - INFO - Loaded vendors.csv: (50, 18)
2025-07-15 01:06:10,591 - INFO - Loaded customers.csv: (500, 15)
2025-07-15 01:06:10,602 - INFO - Loaded products.csv: (274, 15)
2025-07-15 01:06:10,678 - INFO - Loaded licenses.csv: (3920, 44)
2025-07-15 01:06:10,951 - INFO - Loaded usage_history.csv: (76441, 16)
2025-07-15 01:06:10,991 - INFO - Loaded renewal_history.csv: (5873, 16)
2025-07-15 01:06:10,995 - INFO - Loaded customer_summary.csv: (500, 9)
2025-07-15 01:06:11,003 - INFO - Loaded product_performance.csv: (274, 8)
2025-07-15 01:06:11,009 - INFO - Loaded vendor_performance.csv: (50, 7)
2025-07-15 01:06:12,344 - INFO - Generated correlation visualization for Customers Dataset
2025-07-15 01:06:12,355 - INFO - 192.168.1.9 - - [15/Jul/2025 01:06:12] "GET /api/correlations/customers HTTP/1.1" 200 -
2025-07-15 01:12:00,373 - INFO - Starting Flask application...
2025-07-15 01:12:00,410 - INFO - [31m[1mWARNING: This is a development server. Do not use it in a production deployment. Use a production WSGI server instead.[0m
 * Running on all addresses (0.0.0.0)
 * Running on http://127.0.0.1:5000
 * Running on http://192.168.1.9:5000
2025-07-15 01:12:00,410 - INFO - [33mPress CTRL+C to quit[0m
2025-07-15 01:12:00,413 - INFO -  * Restarting with stat
2025-07-15 01:12:03,337 - INFO - Starting Flask application...
2025-07-15 01:12:03,354 - WARNING -  * Debugger is active!
2025-07-15 01:12:03,360 - INFO -  * Debugger PIN: 359-476-710
2025-07-15 01:13:51,965 - INFO - 192.168.1.9 - - [15/Jul/2025 01:13:51] "GET / HTTP/1.1" 200 -
2025-07-15 01:13:53,489 - INFO - Loaded vendors.csv: (50, 18)
2025-07-15 01:13:53,500 - INFO - Loaded customers.csv: (500, 15)
2025-07-15 01:13:53,508 - INFO - Loaded products.csv: (274, 15)
2025-07-15 01:13:53,568 - INFO - Loaded licenses.csv: (3920, 44)
2025-07-15 01:13:53,832 - INFO - Loaded usage_history.csv: (76441, 16)
2025-07-15 01:13:53,887 - INFO - Loaded renewal_history.csv: (5873, 16)
2025-07-15 01:13:53,896 - INFO - Loaded customer_summary.csv: (500, 9)
2025-07-15 01:13:53,904 - INFO - Loaded product_performance.csv: (274, 8)
2025-07-15 01:13:53,909 - INFO - Loaded vendor_performance.csv: (50, 7)
2025-07-15 01:13:54,469 - INFO - Generated dataset overview
2025-07-15 01:13:54,481 - INFO - 192.168.1.9 - - [15/Jul/2025 01:13:54] "GET /api/overview HTTP/1.1" 200 -
2025-07-15 01:13:57,068 - INFO - Loaded vendors.csv: (50, 18)
2025-07-15 01:13:57,079 - INFO - Loaded customers.csv: (500, 15)
2025-07-15 01:13:57,094 - INFO - Loaded products.csv: (274, 15)
2025-07-15 01:13:57,162 - INFO - Loaded licenses.csv: (3920, 44)
2025-07-15 01:13:57,411 - INFO - Loaded usage_history.csv: (76441, 16)
2025-07-15 01:13:57,442 - INFO - Loaded renewal_history.csv: (5873, 16)
2025-07-15 01:13:57,448 - INFO - Loaded customer_summary.csv: (500, 9)
2025-07-15 01:13:57,454 - INFO - Loaded product_performance.csv: (274, 8)
2025-07-15 01:13:57,458 - INFO - Loaded vendor_performance.csv: (50, 7)
2025-07-15 01:14:00,928 - INFO - Generated missing data visualization for Licenses Dataset
2025-07-15 01:14:00,946 - INFO - 192.168.1.9 - - [15/Jul/2025 01:14:00] "GET /api/missing-data/licenses HTTP/1.1" 200 -
2025-07-15 01:14:09,042 - INFO - Loaded vendors.csv: (50, 18)
2025-07-15 01:14:09,054 - INFO - Loaded customers.csv: (500, 15)
2025-07-15 01:14:09,066 - INFO - Loaded products.csv: (274, 15)
2025-07-15 01:14:09,133 - INFO - Loaded licenses.csv: (3920, 44)
2025-07-15 01:14:09,389 - INFO - Loaded usage_history.csv: (76441, 16)
2025-07-15 01:14:09,448 - INFO - Loaded renewal_history.csv: (5873, 16)
2025-07-15 01:14:09,457 - INFO - Loaded customer_summary.csv: (500, 9)
2025-07-15 01:14:09,465 - INFO - Loaded product_performance.csv: (274, 8)
2025-07-15 01:14:09,473 - INFO - Loaded vendor_performance.csv: (50, 7)
2025-07-15 01:14:12,888 - INFO - Generated customer segmentation visualization
2025-07-15 01:14:12,910 - ERROR - Error in get_customer_segmentation: keys must be str, int, float, bool or None, not tuple
2025-07-15 01:14:12,925 - INFO - 192.168.1.9 - - [15/Jul/2025 01:14:12] "[35m[1mGET /api/customer-segmentation HTTP/1.1[0m" 500 -
2025-07-15 01:14:15,744 - INFO - Loaded vendors.csv: (50, 18)
2025-07-15 01:14:15,755 - INFO - Loaded customers.csv: (500, 15)
2025-07-15 01:14:15,767 - INFO - Loaded products.csv: (274, 15)
2025-07-15 01:14:15,837 - INFO - Loaded licenses.csv: (3920, 44)
2025-07-15 01:14:16,071 - INFO - Loaded usage_history.csv: (76441, 16)
2025-07-15 01:14:16,114 - INFO - Loaded renewal_history.csv: (5873, 16)
2025-07-15 01:14:16,119 - INFO - Loaded customer_summary.csv: (500, 9)
2025-07-15 01:14:16,123 - INFO - Loaded product_performance.csv: (274, 8)
2025-07-15 01:14:16,126 - INFO - Loaded vendor_performance.csv: (50, 7)
2025-07-15 01:14:17,903 - INFO - Generated anomaly visualization for Vendors Dataset
2025-07-15 01:14:17,911 - INFO - 192.168.1.9 - - [15/Jul/2025 01:14:17] "GET /api/anomalies/vendors HTTP/1.1" 200 -
2025-07-15 01:14:19,532 - INFO - Loaded vendors.csv: (50, 18)
2025-07-15 01:14:19,542 - INFO - Loaded customers.csv: (500, 15)
2025-07-15 01:14:19,553 - INFO - Loaded products.csv: (274, 15)
2025-07-15 01:14:19,620 - INFO - Loaded licenses.csv: (3920, 44)
2025-07-15 01:14:19,892 - INFO - Loaded usage_history.csv: (76441, 16)
2025-07-15 01:14:19,934 - INFO - Loaded renewal_history.csv: (5873, 16)
2025-07-15 01:14:19,939 - INFO - Loaded customer_summary.csv: (500, 9)
2025-07-15 01:14:19,944 - INFO - Loaded product_performance.csv: (274, 8)
2025-07-15 01:14:19,949 - INFO - Loaded vendor_performance.csv: (50, 7)
2025-07-15 01:14:22,721 - INFO - Generated anomaly visualization for Licenses Dataset
2025-07-15 01:14:22,754 - INFO - 192.168.1.9 - - [15/Jul/2025 01:14:22] "GET /api/anomalies/licenses HTTP/1.1" 200 -
2025-07-15 01:14:33,393 - INFO - Loaded vendors.csv: (50, 18)
2025-07-15 01:14:33,402 - INFO - Loaded customers.csv: (500, 15)
2025-07-15 01:14:33,425 - INFO - Loaded products.csv: (274, 15)
2025-07-15 01:14:33,527 - INFO - Loaded licenses.csv: (3920, 44)
2025-07-15 01:14:33,743 - INFO - Loaded usage_history.csv: (76441, 16)
2025-07-15 01:14:33,788 - INFO - Loaded renewal_history.csv: (5873, 16)
2025-07-15 01:14:33,794 - INFO - Loaded customer_summary.csv: (500, 9)
2025-07-15 01:14:33,801 - INFO - Loaded product_performance.csv: (274, 8)
2025-07-15 01:14:33,813 - INFO - Loaded vendor_performance.csv: (50, 7)
2025-07-15 01:14:34,929 - INFO - Generated correlation visualization for Customers Dataset
2025-07-15 01:14:34,937 - INFO - 192.168.1.9 - - [15/Jul/2025 01:14:34] "GET /api/correlations/customers HTTP/1.1" 200 -
2025-07-15 01:14:51,206 - INFO - Loaded vendors.csv: (50, 18)
2025-07-15 01:14:51,218 - INFO - Loaded customers.csv: (500, 15)
2025-07-15 01:14:51,226 - INFO - Loaded products.csv: (274, 15)
2025-07-15 01:14:51,304 - INFO - Loaded licenses.csv: (3920, 44)
2025-07-15 01:14:51,536 - INFO - Loaded usage_history.csv: (76441, 16)
2025-07-15 01:14:51,583 - INFO - Loaded renewal_history.csv: (5873, 16)
2025-07-15 01:14:51,589 - INFO - Loaded customer_summary.csv: (500, 9)
2025-07-15 01:14:51,599 - INFO - Loaded product_performance.csv: (274, 8)
2025-07-15 01:14:51,604 - INFO - Loaded vendor_performance.csv: (50, 7)
2025-07-15 01:14:52,561 - INFO - Generated correlation visualization for Products Dataset
2025-07-15 01:14:52,570 - INFO - 192.168.1.9 - - [15/Jul/2025 01:14:52] "GET /api/correlations/products HTTP/1.1" 200 -
